{"level":"info","message":"Starting IBKR Gateway Manager...","timestamp":"2025-08-05T12:26:17.758Z"}
{"level":"info","message":"========================================","timestamp":"2025-08-05T12:26:17.761Z"}
{"level":"info","message":"Starting IBKR Gateway in PAPER MODE","timestamp":"2025-08-05T12:26:17.761Z"}
{"level":"info","message":"========================================","timestamp":"2025-08-05T12:26:17.761Z"}
{"level":"info","message":"Initializing IBKR Gateway...","timestamp":"2025-08-05T12:26:17.761Z"}
{"level":"info","message":"Killing any existing gateway processes...","timestamp":"2025-08-05T12:26:17.761Z"}
{"level":"info","message":"Killed any existing gateway processes","timestamp":"2025-08-05T12:26:17.804Z"}
{"level":"info","message":"IBKR Gateway Manager running on http://localhost:3000","timestamp":"2025-08-05T12:26:17.806Z"}
{"level":"info","message":"Control Panel UI available at root path /","timestamp":"2025-08-05T12:26:17.806Z"}
{"level":"info","message":"Starting gateway process...","timestamp":"2025-08-05T12:26:19.806Z"}
{"level":"info","message":"Java installation verified","timestamp":"2025-08-05T12:26:19.873Z"}
{"level":"info","message":"Killed any existing gateway processes","timestamp":"2025-08-05T12:26:19.911Z"}
{"level":"info","message":"Starting gateway from /Users/romankr/Dev/MayBursa/src/apps/ibkr-gateway/clientportal.gw","timestamp":"2025-08-05T12:26:21.916Z"}
{"level":"info","message":"Using config: /Users/romankr/Dev/MayBursa/src/apps/ibkr-gateway/clientportal.gw/root/conf.yaml","timestamp":"2025-08-05T12:26:21.916Z"}
{"level":"info","message":"Gateway started with PID: 92785","timestamp":"2025-08-05T12:26:21.937Z"}
{"level":"info","message":"Waiting for gateway connection...","timestamp":"2025-08-05T12:26:21.937Z"}
{"level":"info","message":"Waiting for gateway connection...","timestamp":"2025-08-05T12:26:21.937Z"}
{"level":"info","message":"Gateway: running  \n runtime path : root:dist/ibgroup.web.core.iblink.router.clientportal.gw.jar:build/lib/runtime/*\n config file  : root/conf.yaml","timestamp":"2025-08-05T12:26:21.964Z"}
{"level":"error","message":"Gateway connection check failed:","timestamp":"2025-08-05T12:26:21.990Z"}
{"level":"debug","message":"Retrying connection in 1297ms (attempt 1/3)","timestamp":"2025-08-05T12:26:21.990Z"}
{"level":"info","message":"Gateway: -> mount demo on /demo","timestamp":"2025-08-05T12:26:22.372Z"}
{"level":"info","message":"Gateway: Java Version: 1.8.0_451\n****************************************************\nversion: a27ed42161ad96c53e715ca5c5e3e3fa4cff5262 Mon, 24 Apr 2023 15:41:53 -0400","timestamp":"2025-08-05T12:26:22.384Z"}
{"level":"info","message":"Gateway: ****************************************************\nThis is the Client Portal Gateway\nfor any issues, please contact api@ibkr.com\nand include a copy of your logs\n****************************************************\nhttps://www.interactivebrokers.com/api/doc.html\n****************************************************\nOpen https://localhost:5001 to login\nApp demo is available after you login under: https://localhost:5001/demo#/","timestamp":"2025-08-05T12:26:22.384Z"}
{"level":"debug","message":"Gateway connection check: success (613ms)","timestamp":"2025-08-05T12:26:23.900Z"}
{"level":"info","message":"Gateway connection established at https://localhost:5001","timestamp":"2025-08-05T12:26:23.901Z"}
{"level":"info","message":"Auto-login disabled (IBKR_AUTO_LOGIN=false) - manual login required","timestamp":"2025-08-05T12:26:23.901Z"}
{"level":"info","message":"Starting authentication monitor...","timestamp":"2025-08-05T12:26:23.901Z"}
{"level":"info","message":"Starting authentication monitor...","timestamp":"2025-08-05T12:26:23.901Z"}
{"level":"debug","message":"API availability check failed:","timestamp":"2025-08-05T12:26:24.086Z"}
{"level":"debug","message":"API not available, skipping auth check","timestamp":"2025-08-05T12:26:24.086Z"}
{"level":"info","message":"Authentication monitor started (checking every 10 seconds)","timestamp":"2025-08-05T12:26:24.086Z"}
{"level":"info","message":"Gateway initialization complete","timestamp":"2025-08-05T12:26:24.086Z"}
{"level":"debug","message":"API availability check failed:","timestamp":"2025-08-05T12:26:34.338Z"}
{"level":"debug","message":"API not available, skipping auth check","timestamp":"2025-08-05T12:26:34.338Z"}
{"level":"debug","message":"API availability check failed:","timestamp":"2025-08-05T12:26:44.324Z"}
{"level":"debug","message":"API not available, skipping auth check","timestamp":"2025-08-05T12:26:44.324Z"}
{"level":"debug","message":"API availability check failed:","timestamp":"2025-08-05T12:26:54.491Z"}
{"level":"debug","message":"API not available, skipping auth check","timestamp":"2025-08-05T12:26:54.491Z"}
{"level":"debug","message":"API availability check failed:","timestamp":"2025-08-05T12:27:04.341Z"}
{"level":"debug","message":"API not available, skipping auth check","timestamp":"2025-08-05T12:27:04.341Z"}
{"level":"debug","message":"API availability check failed:","timestamp":"2025-08-05T12:27:14.306Z"}
{"level":"debug","message":"API not available, skipping auth check","timestamp":"2025-08-05T12:27:14.306Z"}
{"level":"debug","message":"API availability check failed:","timestamp":"2025-08-05T12:27:24.307Z"}
{"level":"debug","message":"API not available, skipping auth check","timestamp":"2025-08-05T12:27:24.307Z"}
{"level":"debug","message":"API availability check failed:","timestamp":"2025-08-05T12:27:34.370Z"}
{"level":"debug","message":"API not available, skipping auth check","timestamp":"2025-08-05T12:27:34.370Z"}
{"level":"debug","message":"API availability check failed:","timestamp":"2025-08-05T12:27:44.508Z"}
{"level":"debug","message":"API not available, skipping auth check","timestamp":"2025-08-05T12:27:44.508Z"}
{"level":"debug","message":"API availability check failed:","timestamp":"2025-08-05T12:27:54.301Z"}
{"level":"debug","message":"API not available, skipping auth check","timestamp":"2025-08-05T12:27:54.301Z"}
{"level":"debug","message":"API availability check failed:","timestamp":"2025-08-05T12:28:04.322Z"}
{"level":"debug","message":"API not available, skipping auth check","timestamp":"2025-08-05T12:28:04.322Z"}
{"level":"debug","message":"API availability check failed:","timestamp":"2025-08-05T12:28:14.477Z"}
{"level":"debug","message":"API not available, skipping auth check","timestamp":"2025-08-05T12:28:14.477Z"}
{"level":"debug","message":"API availability check failed:","timestamp":"2025-08-05T12:28:24.324Z"}
{"level":"debug","message":"API not available, skipping auth check","timestamp":"2025-08-05T12:28:24.324Z"}
{"level":"debug","message":"API availability check failed:","timestamp":"2025-08-05T12:28:34.404Z"}
{"level":"debug","message":"API not available, skipping auth check","timestamp":"2025-08-05T12:28:34.405Z"}
{"level":"debug","message":"API availability check failed:","timestamp":"2025-08-05T12:28:44.311Z"}
{"level":"debug","message":"API not available, skipping auth check","timestamp":"2025-08-05T12:28:44.311Z"}
{"level":"debug","message":"API availability check failed:","timestamp":"2025-08-05T12:28:54.460Z"}
{"level":"debug","message":"API not available, skipping auth check","timestamp":"2025-08-05T12:28:54.461Z"}
{"level":"debug","message":"API availability check failed:","timestamp":"2025-08-05T12:29:04.391Z"}
{"level":"debug","message":"API not available, skipping auth check","timestamp":"2025-08-05T12:29:04.391Z"}
{"level":"debug","message":"API availability check failed:","timestamp":"2025-08-05T12:29:14.302Z"}
{"level":"debug","message":"API not available, skipping auth check","timestamp":"2025-08-05T12:29:14.302Z"}
{"level":"debug","message":"API availability check failed:","timestamp":"2025-08-05T12:29:27.007Z"}
{"level":"debug","message":"API not available, skipping auth check","timestamp":"2025-08-05T12:29:27.008Z"}
{"level":"debug","message":"API availability check failed:","timestamp":"2025-08-05T12:29:34.480Z"}
{"level":"debug","message":"API not available, skipping auth check","timestamp":"2025-08-05T12:29:34.480Z"}
{"level":"debug","message":"API availability check failed:","timestamp":"2025-08-05T12:29:44.330Z"}
{"level":"debug","message":"API not available, skipping auth check","timestamp":"2025-08-05T12:29:44.330Z"}
{"level":"debug","message":"API availability check failed:","timestamp":"2025-08-05T12:29:54.399Z"}
{"level":"debug","message":"API not available, skipping auth check","timestamp":"2025-08-05T12:29:54.399Z"}
{"level":"debug","message":"API availability check failed:","timestamp":"2025-08-05T12:30:04.327Z"}
{"level":"debug","message":"API not available, skipping auth check","timestamp":"2025-08-05T12:30:04.327Z"}
{"level":"debug","message":"API availability check failed:","timestamp":"2025-08-05T12:30:14.431Z"}
{"level":"debug","message":"API not available, skipping auth check","timestamp":"2025-08-05T12:30:14.431Z"}
{"level":"debug","message":"API availability check failed:","timestamp":"2025-08-05T12:30:24.347Z"}
{"level":"debug","message":"API not available, skipping auth check","timestamp":"2025-08-05T12:30:24.347Z"}
{"level":"debug","message":"API availability check failed:","timestamp":"2025-08-05T12:30:34.317Z"}
{"level":"debug","message":"API not available, skipping auth check","timestamp":"2025-08-05T12:30:34.317Z"}
{"level":"debug","message":"API availability check failed:","timestamp":"2025-08-05T12:30:44.663Z"}
{"level":"debug","message":"API not available, skipping auth check","timestamp":"2025-08-05T12:30:44.663Z"}
{"level":"debug","message":"API availability check failed:","timestamp":"2025-08-05T12:30:55.607Z"}
{"level":"debug","message":"API not available, skipping auth check","timestamp":"2025-08-05T12:30:55.607Z"}
{"level":"debug","message":"API availability check failed:","timestamp":"2025-08-05T12:31:04.382Z"}
{"level":"debug","message":"API not available, skipping auth check","timestamp":"2025-08-05T12:31:04.382Z"}
{"level":"debug","message":"API availability check failed:","timestamp":"2025-08-05T12:31:14.331Z"}
{"level":"debug","message":"API not available, skipping auth check","timestamp":"2025-08-05T12:31:14.331Z"}
{"level":"debug","message":"API availability check failed:","timestamp":"2025-08-05T12:31:24.441Z"}
{"level":"debug","message":"API not available, skipping auth check","timestamp":"2025-08-05T12:31:24.441Z"}
{"level":"debug","message":"API availability check failed:","timestamp":"2025-08-05T12:31:34.340Z"}
{"level":"debug","message":"API not available, skipping auth check","timestamp":"2025-08-05T12:31:34.341Z"}
{"level":"debug","message":"API availability check failed:","timestamp":"2025-08-05T12:31:44.386Z"}
{"level":"debug","message":"API not available, skipping auth check","timestamp":"2025-08-05T12:31:44.386Z"}
{"level":"debug","message":"API availability check failed:","timestamp":"2025-08-05T12:31:54.382Z"}
{"level":"debug","message":"API not available, skipping auth check","timestamp":"2025-08-05T12:31:54.382Z"}
{"level":"debug","message":"API availability check failed:","timestamp":"2025-08-05T12:32:04.410Z"}
{"level":"debug","message":"API not available, skipping auth check","timestamp":"2025-08-05T12:32:04.410Z"}
{"level":"debug","message":"API availability check failed:","timestamp":"2025-08-05T12:32:14.551Z"}
{"level":"debug","message":"API not available, skipping auth check","timestamp":"2025-08-05T12:32:14.552Z"}
{"level":"debug","message":"API availability check failed:","timestamp":"2025-08-05T12:32:24.388Z"}
{"level":"debug","message":"API not available, skipping auth check","timestamp":"2025-08-05T12:32:24.388Z"}
{"level":"debug","message":"API availability check failed:","timestamp":"2025-08-05T12:32:34.465Z"}
{"level":"debug","message":"API not available, skipping auth check","timestamp":"2025-08-05T12:32:34.465Z"}
{"level":"debug","message":"API availability check failed:","timestamp":"2025-08-05T12:32:44.604Z"}
{"level":"debug","message":"API not available, skipping auth check","timestamp":"2025-08-05T12:32:44.605Z"}
{"level":"debug","message":"API availability check failed:","timestamp":"2025-08-05T12:32:54.454Z"}
{"level":"debug","message":"API not available, skipping auth check","timestamp":"2025-08-05T12:32:54.454Z"}
{"level":"debug","message":"API availability check failed:","timestamp":"2025-08-05T12:33:04.389Z"}
{"level":"debug","message":"API not available, skipping auth check","timestamp":"2025-08-05T12:33:04.389Z"}
{"level":"debug","message":"API availability check failed:","timestamp":"2025-08-05T12:33:14.406Z"}
{"level":"debug","message":"API not available, skipping auth check","timestamp":"2025-08-05T12:33:14.406Z"}
{"level":"debug","message":"API availability check failed:","timestamp":"2025-08-05T12:33:24.396Z"}
{"level":"debug","message":"API not available, skipping auth check","timestamp":"2025-08-05T12:33:24.396Z"}
